<?xml version="1.0" encoding="UTF-8"?>
<!-- Generated by org.testng.reporters.JUnitReportReporter -->
<testsuite hostname="DESKTOP-8SEM39N" failures="0" tests="1" name="Maven.maven.RegisterStudentScriptTest" time="0.001" errors="0" timestamp="2022-12-30T13:31:15 IST" skipped="1">
  <testcase classname="Maven.maven.RegisterStudentScriptTest" name="StudentRegistration" time="0.001">
    <skipped/>
  </testcase> <!-- StudentRegistration -->
  <system-out/>
</testsuite> <!-- Maven.maven.RegisterStudentScriptTest -->
